<?xml version="1.0" encoding="UTF-8"?>
<!-- Generated by org.testng.reporters.JUnitXMLReporter -->
<testsuite hostname="LAPTOP-NHVRSJT0" ignored="0" name="Surefire test" tests="9" failures="0" timestamp="2021-03-26T09:43:09 EDT" time="126.162" errors="0">
  <testcase name="VerifyClickOnCreateButtonTest" time="8.49" classname="com.crm.qa.testcases.ContactsPageTest"/>
  <testcase name="verifyClickOnCalenderLinkTest" time="3.525" classname="com.crm.qa.testcases.HomePageTest"/>
  <testcase name="verifyClickOnContactsLinkTest" time="1.95" classname="com.crm.qa.testcases.HomePageTest"/>
  <testcase name="verifyClickOnCompaniesLinkTest" time="3.091" classname="com.crm.qa.testcases.HomePageTest"/>
  <testcase name="verifyHomePageTitleTest" time="0.026" classname="com.crm.qa.testcases.HomePageTest"/>
  <testcase name="verifyTitleTest" time="0.013" classname="com.crm.qa.testcases.LoginPageTest"/>
  <testcase name="loginTest" time="1.375" classname="com.crm.qa.testcases.LoginPageTest"/>
  <testcase name="verifyClickOnForgotPasswordTest" time="4.047" classname="com.crm.qa.testcases.LoginPageTest"/>
  <testcase name="verifyClickOnSignUpTest" time="3.055" classname="com.crm.qa.testcases.LoginPageTest"/>
</testsuite> <!-- Surefire test -->
