<?xml version="1.0" encoding="UTF-8"?>
<testsuite xmlns:xsi="http://www.w3.org/2001/XMLSchema-instance" xsi:noNamespaceSchemaLocation="https://maven.apache.org/surefire/maven-surefire-plugin/xsd/surefire-test-report.xsd" name="TestSuite" time="128.391" tests="9" errors="0" skipped="0" failures="0">
  <properties>
[...]
</properties>
  <testcase name="VerifyClickOnCreateButtonTest" classname="com.crm.qa.testcases.ContactsPageTest" time="8.491"/>
  <testcase name="verifyClickOnCalenderLinkTest" classname="com.crm.qa.testcases.HomePageTest" time="3.525"/>
  <testcase name="verifyClickOnContactsLinkTest" classname="com.crm.qa.testcases.HomePageTest" time="1.951"/>
  <testcase name="verifyClickOnCompaniesLinkTest" classname="com.crm.qa.testcases.HomePageTest" time="3.101"/>
  <testcase name="verifyHomePageTitleTest" classname="com.crm.qa.testcases.HomePageTest" time="0.025"/>
  <testcase name="verifyTitleTest" classname="com.crm.qa.testcases.LoginPageTest" time="0.013"/>
  <testcase name="loginTest" classname="com.crm.qa.testcases.LoginPageTest" time="1.374"/>
  <testcase name="verifyClickOnForgotPasswordTest" classname="com.crm.qa.testcases.LoginPageTest" time="4.047"/>
  <testcase name="verifyClickOnSignUpTest" classname="com.crm.qa.testcases.LoginPageTest" time="3.056"/>
</testsuite>